<?xml version="1.0" encoding="UTF-8"?>
<testng-results ignored="0" total="1" passed="1" failed="0" skipped="0">
  <reporter-output>
  </reporter-output>
  <suite started-at="2024-11-20T15:03:23 IST" name="Default suite" finished-at="2024-11-20T15:03:44 IST" duration-ms="20985">
    <groups>
    </groups>
    <test started-at="2024-11-20T15:03:23 IST" name="Default test" finished-at="2024-11-20T15:03:44 IST" duration-ms="20985">
      <class name="books.TC_DWS_005_Test">
        <test-method is-config="true" signature="reportConfig()[pri:0, instance:books.TC_DWS_005_Test@79e4c792]" started-at="2024-11-20T15:03:22 IST" name="reportConfig" finished-at="2024-11-20T15:03:23 IST" duration-ms="489" status="PASS">
          <reporter-output>
          </reporter-output>
        </test-method> <!-- reportConfig -->
        <test-method is-config="true" signature="launchBrowser(java.lang.String)[pri:0, instance:books.TC_DWS_005_Test@79e4c792]" started-at="2024-11-20T15:03:23 IST" name="launchBrowser" finished-at="2024-11-20T15:03:34 IST" duration-ms="11714" status="PASS">
          <params>
            <param index="0">
              <value>
                <![CDATA[chrome]]>
              </value>
            </param>
          </params>
          <reporter-output>
          </reporter-output>
        </test-method> <!-- launchBrowser -->
        <test-method is-config="true" signature="login()[pri:0, instance:books.TC_DWS_005_Test@79e4c792]" started-at="2024-11-20T15:03:34 IST" name="login" finished-at="2024-11-20T15:03:37 IST" duration-ms="2503" status="PASS">
          <reporter-output>
          </reporter-output>
        </test-method> <!-- login -->
        <test-method signature="clickOnBooks()[pri:0, instance:books.TC_DWS_005_Test@79e4c792]" started-at="2024-11-20T15:03:37 IST" name="clickOnBooks" finished-at="2024-11-20T15:03:41 IST" duration-ms="3950" status="PASS">
          <reporter-output>
          </reporter-output>
        </test-method> <!-- clickOnBooks -->
        <test-method is-config="true" signature="logout()[pri:0, instance:books.TC_DWS_005_Test@79e4c792]" started-at="2024-11-20T15:03:41 IST" name="logout" finished-at="2024-11-20T15:03:42 IST" duration-ms="1647" status="PASS">
          <reporter-output>
          </reporter-output>
        </test-method> <!-- logout -->
        <test-method is-config="true" signature="closeBrowser()[pri:0, instance:books.TC_DWS_005_Test@79e4c792]" started-at="2024-11-20T15:03:42 IST" name="closeBrowser" finished-at="2024-11-20T15:03:44 IST" duration-ms="1087" status="PASS">
          <reporter-output>
          </reporter-output>
        </test-method> <!-- closeBrowser -->
        <test-method is-config="true" signature="reportBackup()[pri:0, instance:books.TC_DWS_005_Test@79e4c792]" started-at="2024-11-20T15:03:44 IST" name="reportBackup" finished-at="2024-11-20T15:03:44 IST" duration-ms="592" status="PASS">
          <reporter-output>
          </reporter-output>
        </test-method> <!-- reportBackup -->
      </class> <!-- books.TC_DWS_005_Test -->
    </test> <!-- Default test -->
  </suite> <!-- Default suite -->
</testng-results>
